f:\project\qt\qlink\qlink\x64\release\simpletest.obj
f:\project\qt\qlink\qlink\x64\release\main.obj
f:\project\qt\qlink\qlink\x64\release\duomode.obj
f:\project\qt\qlink\qlink\x64\release\simplemode.obj
f:\project\qt\qlink\qlink\x64\release\menu.obj
f:\project\qt\qlink\qlink\x64\release\pausemenu.obj
f:\project\qt\qlink\qlink\x64\release\moc_simpletest.obj
f:\project\qt\qlink\qlink\x64\release\moc_pausemenu.obj
f:\project\qt\qlink\qlink\x64\release\moc_simplemode.obj
f:\project\qt\qlink\qlink\x64\release\moc_menu.obj
f:\project\qt\qlink\qlink\x64\release\moc_duomode.obj
f:\project\qt\qlink\qlink\x64\release\block.obj
f:\project\qt\qlink\qlink\x64\release\player.obj
f:\project\qt\qlink\qlink\x64\release\load.obj
f:\project\qt\qlink\qlink\x64\release\item.obj
f:\project\qt\qlink\qlink\x64\release\vc143.pdb
f:\project\qt\qlink\qlink\x64\release\moc_block.obj
f:\project\qt\qlink\qlink\x64\release\moc_player.obj
f:\project\qt\qlink\qlink\x64\release\qrc_resources.obj
f:\project\qt\qlink\x64\release\qlink.exe
f:\project\qt\qlink\qlink\x64\release\qt\moc\moc_menu.cpp
f:\project\qt\qlink\qlink\x64\release\qt\moc\moc_block.cpp
f:\project\qt\qlink\qlink\x64\release\qt\moc\moc_player.cpp
f:\project\qt\qlink\qlink\x64\release\qt\moc\moc_duomode.cpp
f:\project\qt\qlink\qlink\x64\release\qt\moc\moc_simplemode.cpp
f:\project\qt\qlink\qlink\x64\release\qt\moc\moc_simpletest.cpp
f:\project\qt\qlink\qlink\x64\release\qt\moc\moc_pausemenu.cpp
f:\project\qt\qlink - 副本\qlink\x64\release\qt\uic\ui_duomode.h
f:\project\qt\qlink - 副本\qlink\x64\release\qt\uic\ui_menu.h
f:\project\qt\qlink - 副本\qlink\x64\release\qt\uic\ui_pausemenu.h
f:\project\qt\qlink - 副本\qlink\x64\release\qt\uic\ui_simplemode.h
f:\project\qt\qlink - 副本\qlink\x64\release\qt\rcc\qrc_images.cpp
f:\project\qt\qlink - 副本\qlink\x64\release\qt\moc\moc_menu.cpp
f:\project\qt\qlink - 副本\qlink\x64\release\qt\moc\moc_block.cpp
f:\project\qt\qlink - 副本\qlink\x64\release\qt\moc\moc_player.cpp
f:\project\qt\qlink - 副本\qlink\x64\release\qt\moc\moc_duomode.cpp
f:\project\qt\qlink - 副本\qlink\x64\release\qt\moc\moc_simplemode.cpp
f:\project\qt\qlink - 副本\qlink\x64\release\qt\moc\moc_simpletest.cpp
f:\project\qt\qlink - 副本\qlink\x64\release\qt\moc\moc_pausemenu.cpp
f:\project\qt\qlink\qlink\x64\release\qt\uic\ui_duomode.h
f:\project\qt\qlink\qlink\x64\release\qt\uic\ui_menu.h
f:\project\qt\qlink\qlink\x64\release\qt\uic\ui_pausemenu.h
f:\project\qt\qlink\qlink\x64\release\qt\uic\ui_simplemode.h
f:\project\qt\qlink\qlink\x64\release\qt\rcc\qrc_images.cpp
f:\project\qt\qlink\qlink\x64\release\qt\rcc\qrc_resources.cpp
f:\project\qt\qlink\qlink\x64\release\qlink.ipdb
f:\project\qt\qlink\qlink\x64\release\qlink.iobj
f:\project\qt\qlink\qlink\x64\release\qrc_images.obj
f:\project\qt\qlink\qlink\x64\release\qlink.tlog\cl.command.1.tlog
f:\project\qt\qlink\qlink\x64\release\qlink.tlog\cl.items.tlog
f:\project\qt\qlink\qlink\x64\release\qlink.tlog\cl.read.1.tlog
f:\project\qt\qlink\qlink\x64\release\qlink.tlog\cl.write.1.tlog
f:\project\qt\qlink\qlink\x64\release\qlink.tlog\link.command.1.tlog
f:\project\qt\qlink\qlink\x64\release\qlink.tlog\link.read.1.tlog
f:\project\qt\qlink\qlink\x64\release\qlink.tlog\link.secondary.1.tlog
f:\project\qt\qlink\qlink\x64\release\qlink.tlog\link.write.1.tlog
f:\project\qt\qlink\qlink\x64\release\qlink.tlog\moc.read.1u.tlog
f:\project\qt\qlink\qlink\x64\release\qlink.tlog\moc.write.1u.tlog
f:\project\qt\qlink\qlink\x64\release\qlink.tlog\qlink.write.1u.tlog
f:\project\qt\qlink\qlink\x64\release\qlink.tlog\rcc.read.1u.tlog
f:\project\qt\qlink\qlink\x64\release\qlink.tlog\rcc.write.1u.tlog
f:\project\qt\qlink\qlink\x64\release\qlink.tlog\uic.read.1u.tlog
f:\project\qt\qlink\qlink\x64\release\qlink.tlog\uic.write.1u.tlog
